0 info it worked if it ends with ok
1 verbose cli [ '/usr/local/Cellar/node/6.2.2/bin/node',
1 verbose cli   '/usr/local/bin/npm',
1 verbose cli   'run',
1 verbose cli   'templates' ]
2 info using npm@3.10.3
3 info using node@v6.2.2
4 verbose run-script [ 'pretemplates', 'templates', 'posttemplates' ]
5 info lifecycle example@1.0.0~pretemplates: example@1.0.0
6 silly lifecycle example@1.0.0~pretemplates: no script for pretemplates, continuing
7 info lifecycle example@1.0.0~templates: example@1.0.0
8 verbose lifecycle example@1.0.0~templates: unsafe-perm in lifecycle true
9 verbose lifecycle example@1.0.0~templates: PATH: /usr/local/lib/node_modules/npm/bin/node-gyp-bin:/Users/divya/projects/frontend-buildkit/node_modules/.bin:/usr/local/Cellar/node/6.2.2/bin:/usr/local/bin:/usr/local/sbin:/usr/bin:/bin:/usr/sbin:/sbin
10 verbose lifecycle example@1.0.0~templates: CWD: /Users/divya/projects/frontend-buildkit
11 silly lifecycle example@1.0.0~templates: Args: [ '-c', 'node tasks/compile-hbs.js' ]
12 silly lifecycle example@1.0.0~templates: Returned: code: 1  signal: null
13 info lifecycle example@1.0.0~templates: Failed to exec templates script
14 verbose stack Error: example@1.0.0 templates: `node tasks/compile-hbs.js`
14 verbose stack Exit status 1
14 verbose stack     at EventEmitter.<anonymous> (/usr/local/lib/node_modules/npm/lib/utils/lifecycle.js:242:16)
14 verbose stack     at emitTwo (events.js:106:13)
14 verbose stack     at EventEmitter.emit (events.js:191:7)
14 verbose stack     at ChildProcess.<anonymous> (/usr/local/lib/node_modules/npm/lib/utils/spawn.js:40:14)
14 verbose stack     at emitTwo (events.js:106:13)
14 verbose stack     at ChildProcess.emit (events.js:191:7)
14 verbose stack     at maybeClose (internal/child_process.js:852:16)
14 verbose stack     at Process.ChildProcess._handle.onexit (internal/child_process.js:215:5)
15 verbose pkgid example@1.0.0
16 verbose cwd /Users/divya/projects/frontend-buildkit
17 error Darwin 15.5.0
18 error argv "/usr/local/Cellar/node/6.2.2/bin/node" "/usr/local/bin/npm" "run" "templates"
19 error node v6.2.2
20 error npm  v3.10.3
21 error code ELIFECYCLE
22 error example@1.0.0 templates: `node tasks/compile-hbs.js`
22 error Exit status 1
23 error Failed at the example@1.0.0 templates script 'node tasks/compile-hbs.js'.
23 error Make sure you have the latest version of node.js and npm installed.
23 error If you do, this is most likely a problem with the example package,
23 error not with npm itself.
23 error Tell the author that this fails on your system:
23 error     node tasks/compile-hbs.js
23 error You can get information on how to open an issue for this project with:
23 error     npm bugs example
23 error Or if that isn't available, you can get their info via:
23 error     npm owner ls example
23 error There is likely additional logging output above.
24 verbose exit [ 1, true ]
